# JRE version: OpenJDK Runtime Environment (8.0_242-b01) (build 1.8.0_242-release-1644-b01)
# Java VM: OpenJDK 64-Bit Server VM (25.242-b01 mixed mode windows-amd64 compressed oops)
Heap:
 PSYoungGen      total 222208K, used 169252K [0x00000000d5580000, 0x00000000e7800000, 0x0000000100000000)
  eden space 204800K, 74% used [0x00000000d5580000,0x00000000de9ce4f0,0x00000000e1d80000)
  from space 17408K, 99% used [0x00000000e1d80000,0x00000000e2e7ae28,0x00000000e2e80000)
  to   space 20992K, 0% used [0x00000000e6380000,0x00000000e6380000,0x00000000e7800000)
 ParOldGen       total 119296K, used 35060K [0x0000000080000000, 0x0000000087480000, 0x00000000d5580000)
  object space 119296K, 29% used [0x0000000080000000,0x000000008223d1d8,0x0000000087480000)
 Metaspace       used 68270K, capacity 71339K, committed 71512K, reserved 1112064K
  class space    used 9244K, capacity 9853K, committed 9856K, reserved 1048576K
GC Heap History (10 events):
Event: 12.019 GC heap before
{Heap before GC invocations=12 (full 2):
 PSYoungGen      total 126464K, used 114688K [0x00000000d5580000, 0x00000000e1080000, 0x0000000100000000)
  eden space 114688K, 100% used [0x00000000d5580000,0x00000000dc580000,0x00000000dc580000)
  from space 11776K, 0% used [0x00000000dc580000,0x00000000dc580000,0x00000000dd100000)
  to   space 11776K, 0% used [0x00000000e0500000,0x00000000e0500000,0x00000000e1080000)
 ParOldGen       total 75264K, used 14379K [0x0000000080000000, 0x0000000084980000, 0x00000000d5580000)
  object space 75264K, 19% used [0x0000000080000000,0x0000000080e0aca8,0x0000000084980000)
 Metaspace       used 37566K, capacity 39208K, committed 39384K, reserved 1083392K
  class space    used 5177K, capacity 5532K, committed 5632K, reserved 1048576K
Event: 12.040 GC heap after
Heap after GC invocations=12 (full 2):
 PSYoungGen      total 162816K, used 7775K [0x00000000d5580000, 0x00000000e0d00000, 0x0000000100000000)
  eden space 154624K, 0% used [0x00000000d5580000,0x00000000d5580000,0x00000000dec80000)
  from space 8192K, 94% used [0x00000000e0500000,0x00000000e0c97f88,0x00000000e0d00000)
  to   space 11776K, 0% used [0x00000000df600000,0x00000000df600000,0x00000000e0180000)
 ParOldGen       total 75264K, used 14387K [0x0000000080000000, 0x0000000084980000, 0x00000000d5580000)
  object space 75264K, 19% used [0x0000000080000000,0x0000000080e0cca8,0x0000000084980000)
 Metaspace       used 37566K, capacity 39208K, committed 39384K, reserved 1083392K
  class space    used 5177K, capacity 5532K, committed 5632K, reserved 1048576K
}
Event: 15.680 GC heap before
{Heap before GC invocations=13 (full 2):
 PSYoungGen      total 162816K, used 162399K [0x00000000d5580000, 0x00000000e0d00000, 0x0000000100000000)
  eden space 154624K, 100% used [0x00000000d5580000,0x00000000dec80000,0x00000000dec80000)
  from space 8192K, 94% used [0x00000000e0500000,0x00000000e0c97f88,0x00000000e0d00000)
  to   space 11776K, 0% used [0x00000000df600000,0x00000000df600000,0x00000000e0180000)
 ParOldGen       total 75264K, used 14387K [0x0000000080000000, 0x0000000084980000, 0x00000000d5580000)
  object space 75264K, 19% used [0x0000000080000000,0x0000000080e0cca8,0x0000000084980000)
 Metaspace       used 52110K, capacity 54146K, committed 54232K, reserved 1095680K
  class space    used 6968K, capacity 7403K, committed 7424K, reserved 1048576K
Event: 15.723 GC heap after
Heap after GC invocations=13 (full 2):
 PSYoungGen      total 176128K, used 11770K [0x00000000d5580000, 0x00000000e3f80000, 0x0000000100000000)
  eden space 164352K, 0% used [0x00000000d5580000,0x00000000d5580000,0x00000000df600000)
  from space 11776K, 99% used [0x00000000df600000,0x00000000e017ea70,0x00000000e0180000)
  to   space 17408K, 0% used [0x00000000e2e80000,0x00000000e2e80000,0x00000000e3f80000)
 ParOldGen       total 75264K, used 27050K [0x0000000080000000, 0x0000000084980000, 0x00000000d5580000)
  object space 75264K, 35% used [0x0000000080000000,0x0000000081a6a8f8,0x0000000084980000)
 Metaspace       used 52110K, capacity 54146K, committed 54232K, reserved 1095680K
  class space    used 6968K, capacity 7403K, committed 7424K, reserved 1048576K
}
Event: 17.241 GC heap before
{Heap before GC invocations=14 (full 2):
 PSYoungGen      total 176128K, used 61877K [0x00000000d5580000, 0x00000000e3f80000, 0x0000000100000000)
  eden space 164352K, 30% used [0x00000000d5580000,0x00000000d866ecb8,0x00000000df600000)
  from space 11776K, 99% used [0x00000000df600000,0x00000000e017ea70,0x00000000e0180000)
  to   space 17408K, 0% used [0x00000000e2e80000,0x00000000e2e80000,0x00000000e3f80000)
 ParOldGen       total 75264K, used 27050K [0x0000000080000000, 0x0000000084980000, 0x00000000d5580000)
  object space 75264K, 35% used [0x0000000080000000,0x0000000081a6a8f8,0x0000000084980000)
 Metaspace       used 56454K, capacity 58843K, committed 59028K, reserved 1099776K
  class space    used 7719K, capacity 8192K, committed 8192K, reserved 1048576K
Event: 17.275 GC heap after
Heap after GC invocations=14 (full 2):
 PSYoungGen      total 222208K, used 5644K [0x00000000d5580000, 0x00000000e4c00000, 0x0000000100000000)
  eden space 204800K, 0% used [0x00000000d5580000,0x00000000d5580000,0x00000000e1d80000)
  from space 17408K, 32% used [0x00000000e2e80000,0x00000000e3403270,0x00000000e3f80000)
  to   space 17408K, 0% used [0x00000000e1d80000,0x00000000e1d80000,0x00000000e2e80000)
 ParOldGen       total 75264K, used 36752K [0x0000000080000000, 0x0000000084980000, 0x00000000d5580000)
  object space 75264K, 48% used [0x0000000080000000,0x00000000823e4190,0x0000000084980000)
 Metaspace       used 56454K, capacity 58843K, committed 59028K, reserved 1099776K
  class space    used 7719K, capacity 8192K, committed 8192K, reserved 1048576K
}
Event: 17.275 GC heap before
{Heap before GC invocations=15 (full 3):
 PSYoungGen      total 222208K, used 5644K [0x00000000d5580000, 0x00000000e4c00000, 0x0000000100000000)
  eden space 204800K, 0% used [0x00000000d5580000,0x00000000d5580000,0x00000000e1d80000)
  from space 17408K, 32% used [0x00000000e2e80000,0x00000000e3403270,0x00000000e3f80000)
  to   space 17408K, 0% used [0x00000000e1d80000,0x00000000e1d80000,0x00000000e2e80000)
 ParOldGen       total 75264K, used 36752K [0x0000000080000000, 0x0000000084980000, 0x00000000d5580000)
  object space 75264K, 48% used [0x0000000080000000,0x00000000823e4190,0x0000000084980000)
 Metaspace       used 56454K, capacity 58843K, committed 59028K, reserved 1099776K
  class space    used 7719K, capacity 8192K, committed 8192K, reserved 1048576K
Event: 17.608 GC heap after
Heap after GC invocations=15 (full 3):
 PSYoungGen      total 222208K, used 0K [0x00000000d5580000, 0x00000000e4c00000, 0x0000000100000000)
  eden space 204800K, 0% used [0x00000000d5580000,0x00000000d5580000,0x00000000e1d80000)
  from space 17408K, 0% used [0x00000000e2e80000,0x00000000e2e80000,0x00000000e3f80000)
  to   space 17408K, 0% used [0x00000000e1d80000,0x00000000e1d80000,0x00000000e2e80000)
 ParOldGen       total 119296K, used 32182K [0x0000000080000000, 0x0000000087480000, 0x00000000d5580000)
  object space 119296K, 26% used [0x0000000080000000,0x0000000081f6da68,0x0000000087480000)
 Metaspace       used 56454K, capacity 58843K, committed 59028K, reserved 1099776K
  class space    used 7719K, capacity 8192K, committed 8192K, reserved 1048576K
}
Event: 23.846 GC heap before
{Heap before GC invocations=16 (full 3):
 PSYoungGen      total 222208K, used 204800K [0x00000000d5580000, 0x00000000e4c00000, 0x0000000100000000)
  eden space 204800K, 100% used [0x00000000d5580000,0x00000000e1d80000,0x00000000e1d80000)
  from space 17408K, 0% used [0x00000000e2e80000,0x00000000e2e80000,0x00000000e3f80000)
  to   space 17408K, 0% used [0x00000000e1d80000,0x00000000e1d80000,0x00000000e2e80000)
 ParOldGen       total 119296K, used 32182K [0x0000000080000000, 0x0000000087480000, 0x00000000d5580000)
  object space 119296K, 26% used [0x0000000080000000,0x0000000081f6da68,0x0000000087480000)
 Metaspace       used 64570K, capacity 67525K, committed 67800K, reserved 1107968K
  class space    used 8856K, capacity 9444K, committed 9472K, reserved 1048576K
Event: 23.933 GC heap after
Heap after GC invocations=16 (full 3):
 PSYoungGen      total 222208K, used 17387K [0x00000000d5580000, 0x00000000e7800000, 0x0000000100000000)
  eden space 204800K, 0% used [0x00000000d5580000,0x00000000d5580000,0x00000000e1d80000)
  from space 17408K, 99% used [0x00000000e1d80000,0x00000000e2e7ae28,0x00000000e2e80000)
  to   space 20992K, 0% used [0x00000000e6380000,0x00000000e6380000,0x00000000e7800000)
 ParOldGen       total 119296K, used 35060K [0x0000000080000000, 0x0000000087480000, 0x00000000d5580000)
  object space 119296K, 29% used [0x0000000080000000,0x000000008223d1d8,0x0000000087480000)
 Metaspace       used 64570K, capacity 67525K, committed 67800K, reserved 1107968K
  class space    used 8856K, capacity 9444K, committed 9472K, reserved 1048576K
}

