# JRE version: OpenJDK Runtime Environment (8.0_242-b01) (build 1.8.0_242-release-1644-b01)
# Java VM: OpenJDK 64-Bit Server VM (25.242-b01 mixed mode windows-amd64 compressed oops)
Heap:
 PSYoungGen      total 201216K, used 121196K [0x00000000d5580000, 0x00000000e6280000, 0x0000000100000000)
  eden space 180224K, 55% used [0x00000000d5580000,0x00000000db75b2e8,0x00000000e0580000)
  from space 20992K, 100% used [0x00000000e4e00000,0x00000000e6280000,0x00000000e6280000)
  to   space 16384K, 0% used [0x00000000e0580000,0x00000000e0580000,0x00000000e1580000)
 ParOldGen       total 130560K, used 61809K [0x0000000080000000, 0x0000000087f80000, 0x00000000d5580000)
  object space 130560K, 47% used [0x0000000080000000,0x0000000083c5c418,0x0000000087f80000)
 Metaspace       used 70301K, capacity 73860K, committed 74072K, reserved 1114112K
  class space    used 9662K, capacity 10325K, committed 10368K, reserved 1048576K
GC Heap History (10 events):
Event: 20.166 GC heap before
{Heap before GC invocations=13 (full 2):
 PSYoungGen      total 146432K, used 146294K [0x00000000d5580000, 0x00000000dfd00000, 0x0000000100000000)
  eden space 138240K, 100% used [0x00000000d5580000,0x00000000ddc80000,0x00000000ddc80000)
  from space 8192K, 98% used [0x00000000df500000,0x00000000dfcddbc8,0x00000000dfd00000)
  to   space 11776K, 0% used [0x00000000de600000,0x00000000de600000,0x00000000df180000)
 ParOldGen       total 86016K, used 14502K [0x0000000080000000, 0x0000000085400000, 0x00000000d5580000)
  object space 86016K, 16% used [0x0000000080000000,0x0000000080e29ba8,0x0000000085400000)
 Metaspace       used 50809K, capacity 52844K, committed 53080K, reserved 1095680K
  class space    used 6792K, capacity 7206K, committed 7296K, reserved 1048576K
Event: 20.254 GC heap after
Heap after GC invocations=13 (full 2):
 PSYoungGen      total 159744K, used 11772K [0x00000000d5580000, 0x00000000e2600000, 0x0000000100000000)
  eden space 147968K, 0% used [0x00000000d5580000,0x00000000d5580000,0x00000000de600000)
  from space 11776K, 99% used [0x00000000de600000,0x00000000df17f320,0x00000000df180000)
  to   space 16896K, 0% used [0x00000000e1580000,0x00000000e1580000,0x00000000e2600000)
 ParOldGen       total 86016K, used 24928K [0x0000000080000000, 0x0000000085400000, 0x00000000d5580000)
  object space 86016K, 28% used [0x0000000080000000,0x00000000818583e0,0x0000000085400000)
 Metaspace       used 50809K, capacity 52844K, committed 53080K, reserved 1095680K
  class space    used 6792K, capacity 7206K, committed 7296K, reserved 1048576K
}
Event: 22.081 GC heap before
{Heap before GC invocations=14 (full 2):
 PSYoungGen      total 159744K, used 75692K [0x00000000d5580000, 0x00000000e2600000, 0x0000000100000000)
  eden space 147968K, 43% used [0x00000000d5580000,0x00000000d93ec0b8,0x00000000de600000)
  from space 11776K, 99% used [0x00000000de600000,0x00000000df17f320,0x00000000df180000)
  to   space 16896K, 0% used [0x00000000e1580000,0x00000000e1580000,0x00000000e2600000)
 ParOldGen       total 86016K, used 24928K [0x0000000080000000, 0x0000000085400000, 0x00000000d5580000)
  object space 86016K, 28% used [0x0000000080000000,0x00000000818583e0,0x0000000085400000)
 Metaspace       used 56415K, capacity 58822K, committed 58968K, reserved 1099776K
  class space    used 7711K, capacity 8198K, committed 8320K, reserved 1048576K
Event: 22.202 GC heap after
Heap after GC invocations=14 (full 2):
 PSYoungGen      total 197120K, used 7648K [0x00000000d5580000, 0x00000000e3b80000, 0x0000000100000000)
  eden space 180224K, 0% used [0x00000000d5580000,0x00000000d5580000,0x00000000e0580000)
  from space 16896K, 45% used [0x00000000e1580000,0x00000000e1cf8190,0x00000000e2600000)
  to   space 16384K, 0% used [0x00000000e0580000,0x00000000e0580000,0x00000000e1580000)
 ParOldGen       total 86016K, used 36618K [0x0000000080000000, 0x0000000085400000, 0x00000000d5580000)
  object space 86016K, 42% used [0x0000000080000000,0x00000000823c2910,0x0000000085400000)
 Metaspace       used 56415K, capacity 58822K, committed 58968K, reserved 1099776K
  class space    used 7711K, capacity 8198K, committed 8320K, reserved 1048576K
}
Event: 22.202 GC heap before
{Heap before GC invocations=15 (full 3):
 PSYoungGen      total 197120K, used 7648K [0x00000000d5580000, 0x00000000e3b80000, 0x0000000100000000)
  eden space 180224K, 0% used [0x00000000d5580000,0x00000000d5580000,0x00000000e0580000)
  from space 16896K, 45% used [0x00000000e1580000,0x00000000e1cf8190,0x00000000e2600000)
  to   space 16384K, 0% used [0x00000000e0580000,0x00000000e0580000,0x00000000e1580000)
 ParOldGen       total 86016K, used 36618K [0x0000000080000000, 0x0000000085400000, 0x00000000d5580000)
  object space 86016K, 42% used [0x0000000080000000,0x00000000823c2910,0x0000000085400000)
 Metaspace       used 56415K, capacity 58822K, committed 58968K, reserved 1099776K
  class space    used 7711K, capacity 8198K, committed 8320K, reserved 1048576K
Event: 22.544 GC heap after
Heap after GC invocations=15 (full 3):
 PSYoungGen      total 197120K, used 0K [0x00000000d5580000, 0x00000000e3b80000, 0x0000000100000000)
  eden space 180224K, 0% used [0x00000000d5580000,0x00000000d5580000,0x00000000e0580000)
  from space 16896K, 0% used [0x00000000e1580000,0x00000000e1580000,0x00000000e2600000)
  to   space 16384K, 0% used [0x00000000e0580000,0x00000000e0580000,0x00000000e1580000)
 ParOldGen       total 130560K, used 33277K [0x0000000080000000, 0x0000000087f80000, 0x00000000d5580000)
  object space 130560K, 25% used [0x0000000080000000,0x000000008207f4c8,0x0000000087f80000)
 Metaspace       used 56402K, capacity 58780K, committed 58968K, reserved 1099776K
  class space    used 7707K, capacity 8191K, committed 8320K, reserved 1048576K
}
Event: 28.234 GC heap before
{Heap before GC invocations=16 (full 3):
 PSYoungGen      total 197120K, used 180224K [0x00000000d5580000, 0x00000000e3b80000, 0x0000000100000000)
  eden space 180224K, 100% used [0x00000000d5580000,0x00000000e0580000,0x00000000e0580000)
  from space 16896K, 0% used [0x00000000e1580000,0x00000000e1580000,0x00000000e2600000)
  to   space 16384K, 0% used [0x00000000e0580000,0x00000000e0580000,0x00000000e1580000)
 ParOldGen       total 130560K, used 33277K [0x0000000080000000, 0x0000000087f80000, 0x00000000d5580000)
  object space 130560K, 25% used [0x0000000080000000,0x000000008207f4c8,0x0000000087f80000)
 Metaspace       used 64194K, capacity 67146K, committed 67544K, reserved 1107968K
  class space    used 8822K, capacity 9380K, committed 9472K, reserved 1048576K
Event: 28.302 GC heap after
Heap after GC invocations=16 (full 3):
 PSYoungGen      total 196608K, used 16365K [0x00000000d5580000, 0x00000000e6280000, 0x0000000100000000)
  eden space 180224K, 0% used [0x00000000d5580000,0x00000000d5580000,0x00000000e0580000)
  from space 16384K, 99% used [0x00000000e0580000,0x00000000e157b4e0,0x00000000e1580000)
  to   space 20992K, 0% used [0x00000000e4e00000,0x00000000e4e00000,0x00000000e6280000)
 ParOldGen       total 130560K, used 40976K [0x0000000080000000, 0x0000000087f80000, 0x00000000d5580000)
  object space 130560K, 31% used [0x0000000080000000,0x00000000828040e0,0x0000000087f80000)
 Metaspace       used 64194K, capacity 67146K, committed 67544K, reserved 1107968K
  class space    used 8822K, capacity 9380K, committed 9472K, reserved 1048576K
}
Event: 31.726 GC heap before
{Heap before GC invocations=17 (full 3):
 PSYoungGen      total 196608K, used 196584K [0x00000000d5580000, 0x00000000e6280000, 0x0000000100000000)
  eden space 180224K, 99% used [0x00000000d5580000,0x00000000e057eec0,0x00000000e0580000)
  from space 16384K, 99% used [0x00000000e0580000,0x00000000e157b4e0,0x00000000e1580000)
  to   space 20992K, 0% used [0x00000000e4e00000,0x00000000e4e00000,0x00000000e6280000)
 ParOldGen       total 130560K, used 40976K [0x0000000080000000, 0x0000000087f80000, 0x00000000d5580000)
  object space 130560K, 31% used [0x0000000080000000,0x00000000828040e0,0x0000000087f80000)
 Metaspace       used 67405K, capacity 70770K, committed 70872K, reserved 1110016K
  class space    used 9276K, capacity 9896K, committed 9984K, reserved 1048576K
Event: 32.018 GC heap after
Heap after GC invocations=17 (full 3):
 PSYoungGen      total 201216K, used 20992K [0x00000000d5580000, 0x00000000e6280000, 0x0000000100000000)
  eden space 180224K, 0% used [0x00000000d5580000,0x00000000d5580000,0x00000000e0580000)
  from space 20992K, 100% used [0x00000000e4e00000,0x00000000e6280000,0x00000000e6280000)
  to   space 16384K, 0% used [0x00000000e0580000,0x00000000e0580000,0x00000000e1580000)
 ParOldGen       total 130560K, used 61809K [0x0000000080000000, 0x0000000087f80000, 0x00000000d5580000)
  object space 130560K, 47% used [0x0000000080000000,0x0000000083c5c418,0x0000000087f80000)
 Metaspace       used 67405K, capacity 70770K, committed 70872K, reserved 1110016K
  class space    used 9276K, capacity 9896K, committed 9984K, reserved 1048576K
}

